TN:
SF:/Users/jonathanc/LonelyPlanet/repos/rizzo-next/src/core/bane.js
FNF:0
FNH:0
DA:4,1
DA:6,1
DA:10,1
DA:12,1
DA:14,1
LF:5
LH:5
BRF:0
BRH:0
end_of_record
TN:
SF:/Users/jonathanc/LonelyPlanet/repos/rizzo-next/src/core/component.js
FN:71,(anonymous_1)
FN:79,Component
FN:97,initialize
FN:107,render
FN:119,build
FN:139,getInitialState
FN:148,(anonymous_7)
FN:154,(anonymous_8)
FN:156,(anonymous_9)
FN:190,_delegateEvents
FN:225,_undelegateEvents
FN:233,_ensureElement
FN:251,publish
FNF:13
FNH:8
FNDA:1,(anonymous_1)
FNDA:16,Component
FNDA:3,initialize
FNDA:0,render
FNDA:0,build
FNDA:1,getInitialState
FNDA:2,(anonymous_7)
FNDA:0,(anonymous_8)
FNDA:0,(anonymous_9)
FNDA:16,_delegateEvents
FNDA:7,_undelegateEvents
FNDA:16,_ensureElement
FNDA:0,publish
DA:3,1
DA:5,1
DA:7,1
DA:9,1
DA:13,1
DA:15,1
DA:17,1
DA:19,1
DA:21,1
DA:23,1
DA:25,1
DA:27,1
DA:29,1
DA:31,1
DA:33,1
DA:35,1
DA:37,1
DA:39,1
DA:41,1
DA:43,1
DA:46,1
DA:48,1
DA:71,1
DA:79,1
DA:80,16
DA:82,16
DA:83,16
DA:86,16
DA:88,16
DA:90,16
DA:92,16
DA:95,1
DA:109,0
DA:120,0
DA:121,0
DA:140,1
DA:142,1
DA:143,0
DA:146,1
DA:148,1
DA:149,2
DA:150,1
DA:152,1
DA:153,1
DA:154,0
DA:155,0
DA:156,0
DA:157,0
DA:159,0
DA:162,1
DA:164,1
DA:167,1
DA:168,1
DA:170,1
DA:174,1
DA:191,16
DA:192,9
DA:194,7
DA:196,7
DA:197,11
DA:198,11
DA:199,11
DA:201,11
DA:202,0
DA:205,11
DA:206,11
DA:208,11
DA:209,11
DA:210,11
DA:211,0
DA:213,11
DA:216,7
DA:226,7
DA:227,7
DA:234,16
DA:235,9
DA:237,7
DA:238,7
DA:241,16
DA:252,0
DA:256,1
DA:259,1
DA:261,1
DA:262,1
LF:84
LH:72
BRDA:120,1,0,0
BRDA:120,1,1,0
BRDA:121,2,0,0
BRDA:121,2,1,0
BRDA:142,3,0,0
BRDA:142,3,1,1
BRDA:149,4,0,1
BRDA:149,4,1,1
BRDA:153,5,0,0
BRDA:153,5,1,1
BRDA:191,6,0,9
BRDA:191,6,1,7
BRDA:191,7,0,16
BRDA:191,7,1,16
BRDA:198,8,0,11
BRDA:198,8,1,0
BRDA:201,9,0,0
BRDA:201,9,1,11
BRDA:210,10,0,0
BRDA:210,10,1,11
BRDA:234,11,0,9
BRDA:234,11,1,7
BRF:22
BRH:13
end_of_record
TN:
SF:/Users/jonathanc/LonelyPlanet/repos/rizzo-next/src/core/mixins/events.js
FN:19,eventsApi
FN:45,triggerEvents
FN:69,on
FN:79,once
FN:82,(anonymous_5)
FN:94,off
FN:132,trigger
FN:145,stopListening
FN:165,(anonymous_9)
FN:166,(anonymous_10)
FNF:10
FNH:6
FNDA:16,eventsApi
FNDA:2,triggerEvents
FNDA:13,on
FNDA:0,once
FNDA:0,(anonymous_5)
FNDA:0,off
FNDA:4,trigger
FNDA:0,stopListening
FNDA:2,(anonymous_9)
FNDA:3,(anonymous_10)
DA:3,1
DA:6,1
DA:14,1
DA:19,1
DA:20,16
DA:23,16
DA:24,0
DA:25,0
DA:27,0
DA:31,16
DA:32,1
DA:33,1
DA:34,2
DA:36,1
DA:39,15
DA:45,1
DA:46,2
DA:52,2
DA:54,2
DA:56,0
DA:58,0
DA:60,0
DA:62,0
DA:66,1
DA:70,13
DA:71,12
DA:72,12
DA:73,12
DA:74,12
DA:80,0
DA:81,0
DA:82,0
DA:83,0
DA:84,0
DA:86,0
DA:87,0
DA:95,0
DA:103,0
DA:104,0
DA:105,0
DA:106,0
DA:108,0
DA:109,0
DA:110,0
DA:111,0
DA:112,0
DA:113,0
DA:114,0
DA:115,0
DA:116,0
DA:117,0
DA:121,0
DA:125,0
DA:133,4
DA:134,3
DA:135,3
DA:136,3
DA:137,3
DA:138,3
DA:139,3
DA:140,3
DA:146,0
DA:147,0
DA:148,0
DA:149,0
DA:150,0
DA:151,0
DA:152,0
DA:153,0
DA:154,0
DA:156,0
DA:160,1
DA:165,1
DA:166,2
DA:167,3
DA:168,3
DA:169,3
DA:170,3
DA:171,3
DA:172,3
DA:177,1
DA:178,1
DA:180,1
DA:181,1
LF:84
LH:43
BRDA:20,1,0,0
BRDA:20,1,1,16
BRDA:23,2,0,0
BRDA:23,2,1,16
BRDA:31,3,0,1
BRDA:31,3,1,15
BRDA:52,4,0,2
BRDA:52,4,1,0
BRDA:52,4,2,0
BRDA:52,4,3,0
BRDA:52,4,4,0
BRDA:70,5,0,1
BRDA:70,5,1,12
BRDA:70,6,0,13
BRDA:70,6,1,12
BRDA:71,7,0,12
BRDA:71,7,1,4
BRDA:72,8,0,12
BRDA:72,8,1,11
BRDA:73,9,0,12
BRDA:73,9,1,9
BRDA:80,10,0,0
BRDA:80,10,1,0
BRDA:80,11,0,0
BRDA:80,11,1,0
BRDA:103,12,0,0
BRDA:103,12,1,0
BRDA:103,13,0,0
BRDA:103,13,1,0
BRDA:104,14,0,0
BRDA:104,14,1,0
BRDA:104,15,0,0
BRDA:104,15,1,0
BRDA:104,15,2,0
BRDA:108,16,0,0
BRDA:108,16,1,0
BRDA:111,17,0,0
BRDA:111,17,1,0
BRDA:113,18,0,0
BRDA:113,18,1,0
BRDA:113,19,0,0
BRDA:113,19,1,0
BRDA:116,20,0,0
BRDA:116,20,1,0
BRDA:116,21,0,0
BRDA:116,21,1,0
BRDA:116,21,2,0
BRDA:116,21,3,0
BRDA:116,21,4,0
BRDA:121,22,0,0
BRDA:121,22,1,0
BRDA:133,23,0,1
BRDA:133,23,1,3
BRDA:135,24,0,0
BRDA:135,24,1,3
BRDA:138,25,0,2
BRDA:138,25,1,1
BRDA:139,26,0,0
BRDA:139,26,1,3
BRDA:147,27,0,0
BRDA:147,27,1,0
BRDA:148,28,0,0
BRDA:148,28,1,0
BRDA:149,29,0,0
BRDA:149,29,1,0
BRDA:149,30,0,0
BRDA:149,30,1,0
BRDA:150,31,0,0
BRDA:150,31,1,0
BRDA:154,32,0,0
BRDA:154,32,1,0
BRDA:154,33,0,0
BRDA:154,33,1,0
BRDA:167,34,0,3
BRDA:167,34,1,3
BRDA:168,35,0,3
BRDA:168,35,1,3
BRDA:170,36,0,0
BRDA:170,36,1,3
BRDA:170,37,0,3
BRDA:170,37,1,0
BRF:81
BRH:27
end_of_record
TN:
SF:/Users/jonathanc/LonelyPlanet/repos/rizzo-next/src/core/arkham.js
FNF:0
FNH:0
DA:3,1
DA:5,1
DA:9,1
DA:11,1
DA:13,1
DA:15,1
DA:17,1
DA:19,1
DA:21,1
DA:22,1
LF:10
LH:10
BRF:0
BRH:0
end_of_record
TN:
SF:/Users/jonathanc/LonelyPlanet/repos/rizzo-next/src/core/rizzo.js
FN:25,(anonymous_1)
FN:26,Rizzo
FN:51,renderComponent
FN:70,event
FNF:4
FNH:2
FNDA:1,(anonymous_1)
FNDA:1,Rizzo
FNDA:0,renderComponent
FNDA:0,event
DA:3,1
DA:5,1
DA:7,1
DA:9,1
DA:13,1
DA:15,1
DA:17,1
DA:19,1
DA:25,1
DA:26,1
DA:27,1
DA:28,1
DA:29,1
DA:31,1
DA:33,1
DA:34,1
DA:35,1
DA:36,1
DA:49,1
DA:52,0
DA:54,0
DA:55,0
DA:60,0
DA:62,0
DA:71,0
DA:75,1
DA:78,1
DA:79,1
LF:28
LH:22
BRDA:52,1,0,0
BRDA:52,1,1,0
BRDA:52,2,0,0
BRDA:52,2,1,0
BRDA:54,3,0,0
BRDA:54,3,1,0
BRF:6
BRH:0
end_of_record
TN:
SF:/Users/jonathanc/LonelyPlanet/repos/rizzo-next/src/core/rizzo_events.js
FNF:0
FNH:0
DA:6,1
DA:9,1
DA:13,1
LF:3
LH:3
BRF:0
BRH:0
end_of_record
TN:
SF:/Users/jonathanc/LonelyPlanet/repos/rizzo-next/src/core/component_registry.js
FN:19,(anonymous_1)
FN:25,ComponentRegistry
FN:46,createInstanceOf
FN:83,getInstancesOf
FN:96,register
FNF:5
FNH:5
FNDA:1,(anonymous_1)
FNDA:3,ComponentRegistry
FNDA:1,createInstanceOf
FNDA:2,getInstancesOf
FNDA:2,register
DA:3,1
DA:5,1
DA:7,1
DA:9,1
DA:13,1
DA:19,1
DA:25,1
DA:26,3
DA:28,3
DA:30,3
DA:32,3
DA:33,3
DA:44,1
DA:48,1
DA:49,0
DA:52,1
DA:54,1
DA:55,1
DA:56,1
DA:58,1
DA:59,1
DA:62,0
DA:63,0
DA:65,0
DA:69,1
DA:84,2
DA:85,2
DA:97,2
DA:98,0
DA:101,2
DA:105,1
DA:108,1
DA:109,1
LF:33
LH:28
BRDA:26,1,0,2
BRDA:26,1,1,1
BRDA:26,2,0,3
BRDA:26,2,1,1
BRDA:48,3,0,0
BRDA:48,3,1,1
BRDA:48,4,0,1
BRDA:48,4,1,1
BRDA:58,5,0,1
BRDA:58,5,1,0
BRDA:62,6,0,0
BRDA:62,6,1,0
BRDA:62,7,0,0
BRDA:62,7,1,0
BRDA:84,8,0,1
BRDA:84,8,1,1
BRDA:97,9,0,0
BRDA:97,9,1,2
BRF:18
BRH:11
end_of_record
TN:
SF:/Users/jonathanc/LonelyPlanet/repos/rizzo-next/src/components/articles/index.js
FN:1,inject
FN:36,(anonymous_2)
FN:39,ArticlesComponent
FN:47,initialize
FN:69,widthWindow
FN:74,isDesktop
FN:79,_reclamp
FN:85,_detectScreen
FN:90,_clampText
FN:93,(anonymous_10)
FN:116,_findElements
FNF:11
FNH:10
FNDA:1,inject
FNDA:1,(anonymous_2)
FNDA:2,ArticlesComponent
FNDA:2,initialize
FNDA:2,widthWindow
FNDA:4,isDesktop
FNDA:0,_reclamp
FNDA:4,_detectScreen
FNDA:3,_clampText
FNDA:2,(anonymous_10)
FNDA:1,_findElements
DA:1,1
DA:2,1
DA:3,1
DA:4,1
DA:6,1
DA:8,1
DA:10,1
DA:12,1
DA:14,1
DA:16,1
DA:20,1
DA:22,1
DA:24,1
DA:26,1
DA:28,1
DA:30,1
DA:32,1
DA:34,1
DA:36,1
DA:37,1
DA:39,1
DA:40,2
DA:42,2
DA:45,1
DA:48,2
DA:49,2
DA:51,2
DA:52,2
DA:53,2
DA:54,2
DA:55,2
DA:59,2
DA:60,2
DA:61,2
DA:63,2
DA:64,2
DA:70,2
DA:75,4
DA:80,0
DA:81,0
DA:86,4
DA:91,3
DA:93,3
DA:94,2
DA:96,2
DA:97,2
DA:98,2
DA:99,2
DA:102,2
DA:103,1
DA:104,1
DA:105,1
DA:106,1
DA:109,1
DA:110,1
DA:118,1
DA:137,1
DA:148,1
DA:151,1
DA:152,1
DA:153,1
LF:61
LH:59
BRDA:6,1,0,1
BRDA:6,1,1,1
BRDA:8,2,0,1
BRDA:8,2,1,1
BRDA:10,3,0,1
BRDA:10,3,1,1
BRDA:12,4,0,1
BRDA:12,4,1,1
BRDA:14,5,0,1
BRDA:14,5,1,1
BRDA:20,6,0,1
BRDA:20,6,1,1
BRDA:22,7,0,1
BRDA:22,7,1,0
BRDA:26,8,0,1
BRDA:26,8,1,1
BRDA:30,9,0,1
BRDA:30,9,1,1
BRDA:34,10,0,1
BRDA:34,10,1,1
BRDA:49,11,0,2
BRDA:49,11,1,2
BRDA:51,12,0,2
BRDA:51,12,1,2
BRDA:52,13,0,2
BRDA:52,13,1,2
BRDA:53,14,0,2
BRDA:53,14,1,2
BRDA:59,15,0,2
BRDA:59,15,1,0
BRDA:86,16,0,3
BRDA:86,16,1,1
BRDA:102,17,0,1
BRDA:102,17,1,1
BRDA:124,18,0,1
BRDA:124,18,1,1
BRDA:125,19,0,1
BRDA:125,19,1,1
BRDA:126,20,0,1
BRDA:126,20,1,1
BRF:40
BRH:38
end_of_record
TN:
SF:/Users/jonathanc/LonelyPlanet/repos/rizzo-next/src/components/tabs/tabs_component.js
FN:25,(anonymous_1)
FN:28,Tabs
FN:36,initialize
FN:48,resetTabs
FN:51,(anonymous_5)
FN:57,activateTab
FN:67,get
FN:70,set
FN:76,(anonymous_9)
FNF:9
FNH:9
FNDA:1,(anonymous_1)
FNDA:4,Tabs
FNDA:4,initialize
FNDA:5,resetTabs
FNDA:10,(anonymous_5)
FNDA:1,activateTab
FNDA:2,get
FNDA:5,set
FNDA:10,(anonymous_9)
DA:3,1
DA:5,1
DA:7,1
DA:9,1
DA:11,1
DA:13,1
DA:17,1
DA:19,1
DA:21,1
DA:23,1
DA:25,1
DA:26,1
DA:28,1
DA:29,4
DA:31,4
DA:34,1
DA:37,4
DA:41,4
DA:42,4
DA:44,4
DA:49,5
DA:51,5
DA:52,10
DA:58,1
DA:59,1
DA:61,1
DA:68,2
DA:71,5
DA:73,5
DA:75,5
DA:76,5
DA:77,10
DA:80,5
DA:87,1
DA:90,1
DA:91,1
LF:36
LH:36
BRF:0
BRH:0
end_of_record
TN:
SF:/Users/jonathanc/LonelyPlanet/repos/rizzo-next/src/components/hotels/hotels_widget.js
FN:53,(anonymous_1)
FN:56,HotelsWidget
FN:64,initialize
FN:84,(anonymous_4)
FN:90,nextDate
FN:98,changeDate
FN:110,updateEndDate
FN:119,searchHotels
FN:126,get
FN:137,get
FN:142,get
FNF:11
FNH:9
FNDA:1,(anonymous_1)
FNDA:1,HotelsWidget
FNDA:1,initialize
FNDA:0,(anonymous_4)
FNDA:2,nextDate
FNDA:1,changeDate
FNDA:0,updateEndDate
FNDA:1,searchHotels
FNDA:1,get
FNDA:1,get
FNDA:1,get
DA:3,1
DA:5,1
DA:7,1
DA:9,1
DA:11,1
DA:13,1
DA:15,1
DA:19,1
DA:21,1
DA:23,1
DA:25,1
DA:27,1
DA:29,1
DA:31,1
DA:33,1
DA:35,1
DA:37,1
DA:39,1
DA:41,1
DA:43,1
DA:53,1
DA:54,1
DA:56,1
DA:57,1
DA:59,1
DA:62,1
DA:65,1
DA:67,1
DA:71,1
DA:76,1
DA:80,1
DA:84,1
DA:85,0
DA:91,2
DA:92,2
DA:93,2
DA:99,1
DA:102,1
DA:103,1
DA:104,1
DA:105,1
DA:111,0
DA:120,1
DA:127,1
DA:129,1
DA:138,1
DA:143,1
DA:147,1
DA:150,1
DA:151,1
LF:50
LH:48
BRDA:102,1,0,1
BRDA:102,1,1,0
BRDA:102,2,0,1
BRDA:102,2,1,1
BRF:4
BRH:3
end_of_record
TN:
SF:/Users/jonathanc/LonelyPlanet/repos/rizzo-next/src/components/hotels/hotels.events.js
FNF:0
FNH:0
DA:3,1
DA:6,1
DA:9,1
LF:3
LH:3
BRF:0
BRH:0
end_of_record
TN:
SF:/Users/jonathanc/LonelyPlanet/repos/rizzo-next/src/components/hotels/hotels.tracking.js
FN:19,search
FN:24,(anonymous_2)
FNF:2
FNH:2
FNDA:1,search
FNDA:4,(anonymous_2)
DA:3,1
DA:5,1
DA:9,1
DA:11,1
DA:13,1
DA:18,1
DA:20,1
DA:22,1
DA:24,1
DA:25,4
DA:28,1
DA:34,1
LF:12
LH:12
BRF:0
BRH:0
end_of_record
TN:
SF:/Users/jonathanc/LonelyPlanet/repos/rizzo-next/src/core/decorators/publish.js
FN:38,publish
FN:39,(anonymous_2)
FN:42,(anonymous_3)
FNF:3
FNH:3
FNDA:6,publish
FNDA:6,(anonymous_2)
FNDA:5,(anonymous_3)
DA:3,1
DA:5,1
DA:8,1
DA:10,1
DA:12,1
DA:38,1
DA:39,6
DA:40,6
DA:42,6
DA:43,5
DA:44,5
DA:45,5
DA:50,1
LF:13
LH:13
BRDA:44,1,0,5
BRDA:44,1,1,4
BRDA:44,1,2,3
BRF:3
BRH:3
end_of_record
TN:
SF:/Users/jonathanc/LonelyPlanet/repos/rizzo-next/src/core/decorators/track.js
FN:56,track
FN:57,(anonymous_2)
FN:61,trackDecorator
FNF:3
FNH:3
FNDA:6,track
FNDA:6,(anonymous_2)
FNDA:2,trackDecorator
DA:3,1
DA:5,1
DA:7,1
DA:11,1
DA:13,1
DA:56,1
DA:57,6
DA:58,6
DA:59,6
DA:61,1
DA:62,2
DA:64,2
DA:66,2
DA:69,6
DA:70,6
DA:72,0
DA:77,1
DA:78,1
LF:18
LH:17
BRDA:59,1,0,6
BRDA:59,1,1,0
BRDA:64,2,0,1
BRDA:64,2,1,1
BRDA:69,3,0,6
BRDA:69,3,1,0
BRF:6
BRH:4
end_of_record
TN:
SF:/Users/jonathanc/LonelyPlanet/repos/rizzo-next/src/core/events/track_event.js
FN:33,trackEvent
FN:41,(anonymous_2)
FN:48,(anonymous_3)
FNF:3
FNH:3
FNDA:2,trackEvent
FNDA:4,(anonymous_2)
FNDA:4,(anonymous_3)
DA:3,1
DA:5,1
DA:8,1
DA:10,1
DA:12,1
DA:14,1
DA:16,1
DA:18,1
DA:20,1
DA:22,1
DA:23,1
DA:33,1
DA:34,2
DA:36,2
DA:37,2
DA:38,2
DA:39,2
DA:41,2
DA:42,4
DA:49,4
DA:50,4
DA:51,4
DA:57,1
LF:23
LH:23
BRDA:34,1,0,0
BRDA:34,1,1,2
BRDA:34,2,0,2
BRDA:34,2,1,2
BRDA:39,3,0,2
BRDA:39,3,1,0
BRDA:51,4,0,4
BRDA:51,4,1,4
BRF:8
BRH:6
end_of_record
TN:
SF:/Users/jonathanc/LonelyPlanet/repos/rizzo-next/src/core/events/trackers/analytics.js
FN:11,(anonymous_1)
FNF:1
FNH:1
FNDA:2,(anonymous_1)
DA:7,1
DA:11,1
DA:12,2
DA:14,2
DA:15,2
DA:17,2
DA:18,0
DA:26,1
LF:8
LH:7
BRDA:12,1,0,0
BRDA:12,1,1,2
BRDA:12,2,0,2
BRDA:12,2,1,2
BRDA:17,3,0,0
BRDA:17,3,1,2
BRDA:17,4,0,2
BRDA:17,4,1,0
BRDA:20,5,0,0
BRDA:20,5,1,0
BRF:10
BRH:5
end_of_record
TN:
SF:/Users/jonathanc/LonelyPlanet/repos/rizzo-next/src/core/events/trackers/flamsteed.js
FN:11,(anonymous_1)
FNF:1
FNH:1
FNDA:2,(anonymous_1)
DA:7,1
DA:11,1
DA:12,2
DA:14,2
DA:15,2
DA:17,2
DA:18,0
DA:23,1
LF:8
LH:7
BRDA:12,1,0,0
BRDA:12,1,1,2
BRDA:12,2,0,2
BRDA:12,2,1,2
BRDA:17,3,0,0
BRDA:17,3,1,2
BRF:6
BRH:4
end_of_record
TN:
SF:/Users/jonathanc/LonelyPlanet/repos/rizzo-next/src/components/header/header_component.js
FN:1,inject
FN:44,(anonymous_2)
FN:47,Header
FN:55,initialize
FN:80,render
FN:94,isTooBig
FN:99,onSearchClick
FN:106,onMobileMenuClick
FNF:8
FNH:7
FNDA:1,inject
FNDA:1,(anonymous_2)
FNDA:2,Header
FNDA:2,initialize
FNDA:2,render
FNDA:1,isTooBig
FNDA:1,onSearchClick
FNDA:0,onMobileMenuClick
DA:1,1
DA:2,1
DA:3,1
DA:4,1
DA:6,1
DA:8,1
DA:10,1
DA:12,1
DA:14,1
DA:16,1
DA:20,1
DA:22,1
DA:24,1
DA:26,1
DA:28,1
DA:30,1
DA:32,1
DA:34,1
DA:36,1
DA:44,1
DA:45,1
DA:47,1
DA:48,2
DA:50,2
DA:53,1
DA:56,2
DA:57,2
DA:61,2
DA:67,2
DA:68,2
DA:70,2
DA:71,2
DA:81,2
DA:83,2
DA:85,2
DA:95,1
DA:100,1
DA:102,1
DA:107,0
DA:111,1
DA:114,1
DA:115,1
DA:116,1
LF:43
LH:42
BRDA:6,1,0,1
BRDA:6,1,1,1
BRDA:8,2,0,1
BRDA:8,2,1,1
BRDA:10,3,0,1
BRDA:10,3,1,1
BRDA:12,4,0,1
BRDA:12,4,1,1
BRDA:14,5,0,1
BRDA:14,5,1,1
BRDA:20,6,0,1
BRDA:20,6,1,1
BRDA:22,7,0,1
BRDA:22,7,1,0
BRDA:26,8,0,1
BRDA:26,8,1,0
BRDA:30,9,0,1
BRDA:30,9,1,1
BRDA:34,10,0,1
BRDA:34,10,1,1
BRF:20
BRH:18
end_of_record
TN:
SF:/Users/jonathanc/LonelyPlanet/repos/rizzo-next/src/components/login/user.js
FN:12,(anonymous_1)
FN:13,User
FN:42,toJSON
FN:50,(anonymous_4)
FN:60,(anonymous_5)
FNF:5
FNH:5
FNDA:1,(anonymous_1)
FNDA:3,User
FNDA:3,toJSON
FNDA:2,(anonymous_4)
FNDA:2,(anonymous_5)
DA:3,1
DA:5,1
DA:7,1
DA:10,1
DA:12,1
DA:13,1
DA:14,3
DA:16,3
DA:17,3
DA:18,3
DA:19,3
DA:20,3
DA:21,3
DA:22,3
DA:23,3
DA:24,3
DA:25,3
DA:26,3
DA:28,3
DA:30,3
DA:31,3
DA:32,3
DA:33,3
DA:34,3
DA:35,3
DA:36,3
DA:37,3
DA:40,1
DA:43,3
DA:44,3
DA:45,26
DA:46,26
DA:50,3
DA:51,2
DA:57,3
DA:59,3
DA:60,3
DA:61,2
DA:64,3
DA:66,3
DA:70,1
DA:73,1
DA:74,1
LF:43
LH:43
BRDA:14,1,0,2
BRDA:14,1,1,1
BRDA:14,2,0,3
BRDA:14,2,1,1
BRDA:22,3,0,3
BRDA:22,3,1,0
BRDA:24,4,0,3
BRDA:24,4,1,0
BRDA:26,5,0,3
BRDA:26,5,1,0
BRDA:45,6,0,26
BRDA:45,6,1,0
BRDA:50,7,0,2
BRDA:50,7,1,1
BRDA:57,8,0,0
BRDA:57,8,1,3
BRDA:59,9,0,0
BRDA:59,9,1,3
BRDA:60,10,0,2
BRDA:60,10,1,1
BRDA:64,11,0,3
BRDA:64,11,1,3
BRDA:64,12,0,3
BRDA:64,12,1,1
BRF:24
BRH:18
end_of_record
TN:
SF:/Users/jonathanc/LonelyPlanet/repos/rizzo-next/src/components/login/login_manager.js
FN:1,inject
FN:28,(anonymous_2)
FN:29,LoginManager
FN:45,checkStatus
FN:62,statusFetched
FN:71,(anonymous_6)
FN:84,notificationsFetched
FN:94,pollForUpdates
FN:97,(anonymous_9)
FN:108,getNotifications
FN:122,checkNotifications
FN:132,updateStatus
FN:138,updateNotifications
FN:143,error
FNF:14
FNH:10
FNDA:1,inject
FNDA:1,(anonymous_2)
FNDA:4,LoginManager
FNDA:4,checkStatus
FNDA:2,statusFetched
FNDA:0,(anonymous_6)
FNDA:1,notificationsFetched
FNDA:0,pollForUpdates
FNDA:0,(anonymous_9)
FNDA:1,getNotifications
FNDA:1,checkNotifications
FNDA:1,updateStatus
FNDA:1,updateNotifications
FNDA:0,error
DA:1,1
DA:2,1
DA:3,1
DA:4,1
DA:6,1
DA:8,1
DA:10,1
DA:12,1
DA:16,1
DA:18,1
DA:20,1
DA:22,1
DA:24,1
DA:26,1
DA:28,1
DA:29,1
DA:30,4
DA:32,4
DA:33,4
DA:35,4
DA:43,1
DA:46,4
DA:63,2
DA:65,2
DA:67,2
DA:68,1
DA:71,1
DA:72,0
DA:73,0
DA:74,0
DA:85,1
DA:86,1
DA:95,0
DA:97,0
DA:98,0
DA:109,1
DA:124,1
DA:125,1
DA:126,1
DA:133,1
DA:139,1
DA:144,0
DA:148,1
DA:151,1
DA:152,1
DA:153,1
LF:46
LH:39
BRDA:6,1,0,1
BRDA:6,1,1,1
BRDA:8,2,0,1
BRDA:8,2,1,1
BRDA:10,3,0,1
BRDA:10,3,1,1
BRDA:16,4,0,1
BRDA:16,4,1,0
BRDA:20,5,0,1
BRDA:20,5,1,1
BRDA:24,6,0,1
BRDA:24,6,1,1
BRDA:65,7,0,0
BRDA:65,7,1,2
BRDA:67,8,0,1
BRDA:67,8,1,1
BRDA:124,9,0,1
BRDA:124,9,1,0
BRDA:124,10,0,1
BRDA:124,10,1,0
BRF:20
BRH:16
end_of_record
TN:
SF:/Users/jonathanc/LonelyPlanet/repos/rizzo-next/src/components/map/map_component.js
FN:1,inject
FN:50,(anonymous_2)
FN:53,MapComponent
FN:61,initialize
FN:64,(anonymous_5)
FN:69,(anonymous_6)
FN:77,open
FN:89,isOnMap
FN:95,getMapPath
FN:108,close
FN:117,onKeyup
FNF:11
FNH:7
FNDA:1,inject
FNDA:1,(anonymous_2)
FNDA:1,MapComponent
FNDA:1,initialize
FNDA:0,(anonymous_5)
FNDA:0,(anonymous_6)
FNDA:1,open
FNDA:0,isOnMap
FNDA:1,getMapPath
FNDA:1,close
FNDA:0,onKeyup
DA:1,1
DA:2,1
DA:3,1
DA:4,1
DA:6,1
DA:8,1
DA:10,1
DA:12,1
DA:14,1
DA:16,1
DA:20,1
DA:22,1
DA:24,1
DA:26,1
DA:28,1
DA:30,1
DA:32,1
DA:34,1
DA:36,1
DA:38,1
DA:40,1
DA:42,1
DA:44,1
DA:46,1
DA:48,1
DA:50,1
DA:51,1
DA:53,1
DA:54,1
DA:56,1
DA:59,1
DA:62,1
DA:64,1
DA:65,0
DA:66,0
DA:69,1
DA:70,0
DA:73,1
DA:78,1
DA:79,1
DA:80,1
DA:82,1
DA:83,1
DA:84,1
DA:90,0
DA:96,1
DA:97,1
DA:99,1
DA:101,1
DA:104,1
DA:109,1
DA:110,1
DA:112,1
DA:113,1
DA:118,0
DA:119,0
DA:124,1
DA:127,1
DA:128,1
DA:129,1
LF:60
LH:54
BRDA:6,1,0,1
BRDA:6,1,1,1
BRDA:8,2,0,1
BRDA:8,2,1,1
BRDA:10,3,0,1
BRDA:10,3,1,1
BRDA:12,4,0,1
BRDA:12,4,1,1
BRDA:14,5,0,1
BRDA:14,5,1,1
BRDA:20,6,0,1
BRDA:20,6,1,1
BRDA:22,7,0,1
BRDA:22,7,1,0
BRDA:26,8,0,1
BRDA:26,8,1,0
BRDA:30,9,0,1
BRDA:30,9,1,1
BRDA:34,10,0,1
BRDA:34,10,1,1
BRDA:38,11,0,1
BRDA:38,11,1,0
BRDA:40,12,0,1
BRDA:40,12,1,1
BRDA:44,13,0,1
BRDA:44,13,1,0
BRDA:82,14,0,1
BRDA:82,14,1,0
BRDA:99,15,0,1
BRDA:99,15,1,0
BRDA:118,16,0,0
BRDA:118,16,1,0
BRF:32
BRH:24
end_of_record
TN:
SF:/Users/jonathanc/LonelyPlanet/repos/rizzo-next/src/components/map/actions.js
FN:45,generatePlacements
FN:59,(anonymous_2)
FN:68,(anonymous_3)
FN:69,MapActions
FN:75,viewChange
FN:81,gotoPlace
FN:93,(anonymous_7)
FN:103,poiOpen
FN:108,poiClose
FN:113,pinHover
FN:118,itemHighlight
FN:123,mapOpen
FN:128,mapClose
FN:133,setState
FN:138,initMap
FN:143,customPanel
FN:148,fetchSponsors
FN:158,success
FN:160,(anonymous_19)
FN:164,(anonymous_20)
FN:173,error
FNF:21
FNH:3
FNDA:0,generatePlacements
FNDA:0,(anonymous_2)
FNDA:1,(anonymous_3)
FNDA:1,MapActions
FNDA:0,viewChange
FNDA:0,gotoPlace
FNDA:0,(anonymous_7)
FNDA:0,poiOpen
FNDA:0,poiClose
FNDA:0,pinHover
FNDA:0,itemHighlight
FNDA:1,mapOpen
FNDA:0,mapClose
FNDA:0,setState
FNDA:0,initMap
FNDA:0,customPanel
FNDA:0,fetchSponsors
FNDA:0,success
FNDA:0,(anonymous_19)
FNDA:0,(anonymous_20)
FNDA:0,error
DA:3,1
DA:5,1
DA:7,1
DA:9,1
DA:13,1
DA:15,1
DA:17,1
DA:19,1
DA:21,1
DA:23,1
DA:25,1
DA:27,1
DA:29,1
DA:31,1
DA:33,1
DA:35,1
DA:37,1
DA:39,1
DA:41,1
DA:43,1
DA:45,1
DA:46,0
DA:57,0
DA:59,0
DA:60,0
DA:65,0
DA:68,1
DA:69,1
DA:70,1
DA:73,1
DA:76,0
DA:82,0
DA:83,0
DA:84,0
DA:85,0
DA:86,0
DA:88,0
DA:91,0
DA:93,0
DA:94,0
DA:97,0
DA:104,0
DA:109,0
DA:114,0
DA:119,0
DA:124,1
DA:129,0
DA:134,0
DA:139,0
DA:144,0
DA:149,0
DA:153,0
DA:159,0
DA:161,0
DA:164,0
DA:165,0
DA:166,0
DA:169,0
DA:170,0
DA:174,0
DA:180,1
DA:183,1
DA:184,1
LF:63
LH:29
BRDA:86,1,0,0
BRDA:86,1,1,0
BRDA:88,2,0,0
BRDA:88,2,1,0
BRDA:169,3,0,0
BRDA:169,3,1,0
BRF:6
BRH:0
end_of_record
TN:
SF:/Users/jonathanc/LonelyPlanet/repos/rizzo-next/src/components/map/map_api.js
FN:18,fetch
FN:21,(anonymous_2)
FNF:2
FNH:0
FNDA:0,fetch
FNDA:0,(anonymous_2)
DA:3,1
DA:5,1
DA:9,1
DA:11,1
DA:13,1
DA:15,1
DA:17,1
DA:19,0
DA:22,0
DA:26,0
DA:30,1
LF:11
LH:8
BRF:0
BRH:0
end_of_record
TN:
SF:/Users/jonathanc/LonelyPlanet/repos/rizzo-next/src/components/masthead/masthead_component.js
FN:37,(anonymous_1)
FN:40,MastheadComponent
FN:48,initialize
FN:62,(anonymous_4)
FN:69,(anonymous_5)
FN:79,playVideo
FN:91,playerReady
FN:102,onPlay
FN:107,onStop
FN:113,searchDone
FN:121,updateStrapline
FN:127,get
FNF:12
FNH:1
FNDA:1,(anonymous_1)
FNDA:0,MastheadComponent
FNDA:0,initialize
FNDA:0,(anonymous_4)
FNDA:0,(anonymous_5)
FNDA:0,playVideo
FNDA:0,playerReady
FNDA:0,onPlay
FNDA:0,onStop
FNDA:0,searchDone
FNDA:0,updateStrapline
FNDA:0,get
DA:3,1
DA:5,1
DA:7,1
DA:9,1
DA:11,1
DA:13,1
DA:17,1
DA:19,1
DA:21,1
DA:23,1
DA:25,1
DA:27,1
DA:29,1
DA:31,1
DA:37,1
DA:38,1
DA:40,1
DA:41,0
DA:43,0
DA:46,1
DA:49,0
DA:51,0
DA:55,0
DA:56,0
DA:60,0
DA:62,0
DA:63,0
DA:64,0
DA:69,0
DA:70,0
DA:80,0
DA:81,0
DA:92,0
DA:94,0
DA:96,0
DA:97,0
DA:98,0
DA:109,0
DA:114,0
DA:115,0
DA:116,0
DA:122,0
DA:123,0
DA:128,0
DA:132,1
DA:135,1
DA:136,1
LF:47
LH:21
BRDA:63,1,0,0
BRDA:63,1,1,0
BRDA:114,2,0,0
BRDA:114,2,1,0
BRF:4
BRH:0
end_of_record
TN:
SF:/Users/jonathanc/LonelyPlanet/repos/rizzo-next/src/components/slideshow/index.js
FNF:0
FNH:0
DA:3,1
DA:5,1
DA:9,1
DA:11,1
DA:13,1
DA:15,1
DA:16,1
LF:7
LH:7
BRF:0
BRH:0
end_of_record
TN:
SF:/Users/jonathanc/LonelyPlanet/repos/rizzo-next/src/components/slideshow/slideshow.js
FN:33,(anonymous_1)
FN:36,Slideshow
FN:44,initialize
FN:70,createBaseSlides
FN:77,(anonymous_5)
FN:99,initSlideShow
FN:108,(anonymous_7)
FN:127,startLoop
FN:130,(anonymous_9)
FN:132,(anonymous_10)
FN:138,goRight
FN:149,goLeft
FN:160,getNewState
FN:178,getSlideFromIndex
FN:199,setCssClasses
FN:202,(anonymous_16)
FN:212,showNext
FN:241,(anonymous_18)
FN:250,(anonymous_19)
FN:252,(anonymous_20)
FN:255,(anonymous_21)
FN:261,getPrevIndex
FN:272,getNextIndex
FN:283,showStraplineByIndex
FN:290,makeProgress
FN:297,(anonymous_26)
FN:307,updateProgress
FN:316,get
FN:321,get
FN:326,get
FN:331,get
FN:346,get
FN:351,get
FNF:33
FNH:1
FNDA:1,(anonymous_1)
FNDA:0,Slideshow
FNDA:0,initialize
FNDA:0,createBaseSlides
FNDA:0,(anonymous_5)
FNDA:0,initSlideShow
FNDA:0,(anonymous_7)
FNDA:0,startLoop
FNDA:0,(anonymous_9)
FNDA:0,(anonymous_10)
FNDA:0,goRight
FNDA:0,goLeft
FNDA:0,getNewState
FNDA:0,getSlideFromIndex
FNDA:0,setCssClasses
FNDA:0,(anonymous_16)
FNDA:0,showNext
FNDA:0,(anonymous_18)
FNDA:0,(anonymous_19)
FNDA:0,(anonymous_20)
FNDA:0,(anonymous_21)
FNDA:0,getPrevIndex
FNDA:0,getNextIndex
FNDA:0,showStraplineByIndex
FNDA:0,makeProgress
FNDA:0,(anonymous_26)
FNDA:0,updateProgress
FNDA:0,get
FNDA:0,get
FNDA:0,get
FNDA:0,get
FNDA:0,get
FNDA:0,get
DA:3,1
DA:5,1
DA:7,1
DA:9,1
DA:11,1
DA:13,1
DA:15,1
DA:19,1
DA:21,1
DA:23,1
DA:25,1
DA:27,1
DA:33,1
DA:34,1
DA:36,1
DA:37,0
DA:39,0
DA:42,1
DA:45,0
DA:46,0
DA:47,0
DA:49,0
DA:54,0
DA:56,0
DA:57,0
DA:60,0
DA:61,0
DA:63,0
DA:64,0
DA:65,0
DA:71,0
DA:73,0
DA:75,0
DA:77,0
DA:78,0
DA:82,0
DA:83,0
DA:86,0
DA:89,0
DA:90,0
DA:93,0
DA:94,0
DA:100,0
DA:102,0
DA:104,0
DA:106,0
DA:108,0
DA:109,0
DA:111,0
DA:113,0
DA:116,0
DA:117,0
DA:121,0
DA:122,0
DA:128,0
DA:130,0
DA:131,0
DA:133,0
DA:139,0
DA:140,0
DA:143,0
DA:145,0
DA:150,0
DA:151,0
DA:154,0
DA:156,0
DA:161,0
DA:162,0
DA:165,0
DA:167,0
DA:168,0
DA:172,0
DA:179,0
DA:180,0
DA:181,0
DA:183,0
DA:184,0
DA:187,0
DA:188,0
DA:191,0
DA:192,0
DA:195,0
DA:200,0
DA:202,0
DA:203,0
DA:206,0
DA:207,0
DA:213,0
DA:215,0
DA:217,0
DA:218,0
DA:220,0
DA:222,0
DA:224,0
DA:227,0
DA:230,0
DA:231,0
DA:232,0
DA:234,0
DA:235,0
DA:237,0
DA:241,0
DA:243,0
DA:246,0
DA:249,0
DA:251,0
DA:254,0
DA:256,0
DA:262,0
DA:264,0
DA:265,0
DA:268,0
DA:273,0
DA:275,0
DA:276,0
DA:279,0
DA:284,0
DA:291,0
DA:293,0
DA:297,0
DA:298,0
DA:303,0
DA:308,0
DA:310,0
DA:312,0
DA:317,0
DA:322,0
DA:327,0
DA:332,0
DA:333,0
DA:335,0
DA:336,0
DA:342,0
DA:347,0
DA:352,0
DA:356,1
DA:359,1
DA:360,1
LF:138
LH:19
BRDA:56,1,0,0
BRDA:56,1,1,0
BRDA:56,2,0,0
BRDA:56,2,1,0
BRDA:63,3,0,0
BRDA:63,3,1,0
BRDA:73,4,0,0
BRDA:73,4,1,0
BRDA:73,4,2,0
BRDA:82,5,0,0
BRDA:82,5,1,0
BRDA:89,6,0,0
BRDA:89,6,1,0
BRDA:93,7,0,0
BRDA:93,7,1,0
BRDA:93,8,0,0
BRDA:93,8,1,0
BRDA:116,9,0,0
BRDA:116,9,1,0
BRDA:121,10,0,0
BRDA:121,10,1,0
BRDA:139,11,0,0
BRDA:139,11,1,0
BRDA:150,12,0,0
BRDA:150,12,1,0
BRDA:161,13,0,0
BRDA:161,13,1,0
BRDA:183,14,0,0
BRDA:183,14,1,0
BRDA:187,15,0,0
BRDA:187,15,1,0
BRDA:191,16,0,0
BRDA:191,16,1,0
BRDA:191,17,0,0
BRDA:191,17,1,0
BRDA:206,18,0,0
BRDA:206,18,1,0
BRDA:215,19,0,0
BRDA:215,19,1,0
BRDA:215,20,0,0
BRDA:215,20,1,0
BRDA:218,21,0,0
BRDA:218,21,1,0
BRDA:220,22,0,0
BRDA:220,22,1,0
BRDA:227,23,0,0
BRDA:227,23,1,0
BRDA:230,24,0,0
BRDA:230,24,1,0
BRDA:234,25,0,0
BRDA:234,25,1,0
BRDA:264,26,0,0
BRDA:264,26,1,0
BRDA:275,27,0,0
BRDA:275,27,1,0
BRDA:317,28,0,0
BRDA:317,28,1,0
BRDA:322,29,0,0
BRDA:322,29,1,0
BRDA:327,30,0,0
BRDA:327,30,1,0
BRDA:332,31,0,0
BRDA:332,31,1,0
BRDA:335,32,0,0
BRDA:335,32,1,0
BRDA:347,33,0,0
BRDA:347,33,1,0
BRF:67
BRH:0
end_of_record
TN:
SF:/Users/jonathanc/LonelyPlanet/repos/rizzo-next/src/core/utils/waitForTransition.js
FN:8,waitForTransition
FN:14,(anonymous_2)
FN:16,done
FNF:3
FNH:0
FNDA:0,waitForTransition
FNDA:0,(anonymous_2)
FNDA:0,done
DA:3,1
DA:5,1
DA:8,1
DA:9,0
DA:11,0
DA:12,0
DA:14,0
DA:16,0
DA:18,0
DA:19,0
DA:22,0
DA:24,0
DA:25,0
DA:27,0
DA:29,0
DA:33,1
LF:16
LH:4
BRDA:9,1,0,0
BRDA:9,1,1,0
BRDA:9,2,0,0
BRDA:9,2,1,0
BRDA:12,3,0,0
BRDA:12,3,1,0
BRDA:18,4,0,0
BRDA:18,4,1,0
BRDA:18,5,0,0
BRDA:18,5,1,0
BRF:10
BRH:0
end_of_record
TN:
SF:/Users/jonathanc/LonelyPlanet/repos/rizzo-next/src/components/slideshow/slide_component.js
FN:25,(anonymous_1)
FN:28,SlideComponent
FN:36,initialize
FN:46,getElement
FN:59,preload
FN:67,(anonymous_6)
FN:71,(anonymous_7)
FN:74,(anonymous_8)
FN:83,show
FN:92,hide
FN:97,get
FN:102,get
FN:115,get
FNF:13
FNH:1
FNDA:1,(anonymous_1)
FNDA:0,SlideComponent
FNDA:0,initialize
FNDA:0,getElement
FNDA:0,preload
FNDA:0,(anonymous_6)
FNDA:0,(anonymous_7)
FNDA:0,(anonymous_8)
FNDA:0,show
FNDA:0,hide
FNDA:0,get
FNDA:0,get
FNDA:0,get
DA:3,1
DA:5,1
DA:7,1
DA:9,1
DA:11,1
DA:13,1
DA:15,1
DA:19,1
DA:21,1
DA:23,1
DA:25,1
DA:26,1
DA:28,1
DA:29,0
DA:31,0
DA:34,1
DA:37,0
DA:38,0
DA:40,0
DA:41,0
DA:47,0
DA:51,0
DA:55,0
DA:60,0
DA:63,0
DA:64,0
DA:67,0
DA:68,0
DA:70,0
DA:71,0
DA:72,0
DA:74,0
DA:75,0
DA:79,0
DA:84,0
DA:86,0
DA:88,0
DA:93,0
DA:98,0
DA:103,0
DA:104,0
DA:107,0
DA:108,0
DA:111,0
DA:116,0
DA:120,1
DA:123,1
DA:124,1
LF:48
LH:17
BRDA:40,1,0,0
BRDA:40,1,1,0
BRDA:63,2,0,0
BRDA:63,2,1,0
BRDA:103,3,0,0
BRDA:103,3,1,0
BRDA:107,4,0,0
BRDA:107,4,1,0
BRF:8
BRH:0
end_of_record
TN:
SF:/Users/jonathanc/LonelyPlanet/repos/rizzo-next/src/components/overlay/index.js
FN:35,(anonymous_1)
FN:38,Overlay
FN:46,initialize
FN:52,touchmove
FN:59,toggle
FN:72,show
FN:86,(anonymous_7)
FN:87,(anonymous_8)
FN:101,hide
FN:113,(anonymous_10)
FN:124,onClick
FNF:11
FNH:1
FNDA:1,(anonymous_1)
FNDA:0,Overlay
FNDA:0,initialize
FNDA:0,touchmove
FNDA:0,toggle
FNDA:0,show
FNDA:0,(anonymous_7)
FNDA:0,(anonymous_8)
FNDA:0,hide
FNDA:0,(anonymous_10)
FNDA:0,onClick
DA:3,1
DA:5,1
DA:7,1
DA:9,1
DA:11,1
DA:13,1
DA:15,1
DA:19,1
DA:21,1
DA:23,1
DA:25,1
DA:27,1
DA:29,1
DA:31,1
DA:33,1
DA:35,1
DA:36,1
DA:38,1
DA:39,0
DA:41,0
DA:44,1
DA:47,0
DA:48,0
DA:50,0
DA:53,0
DA:60,0
DA:62,0
DA:64,0
DA:65,0
DA:67,0
DA:73,0
DA:76,0
DA:77,0
DA:80,0
DA:81,0
DA:84,0
DA:86,0
DA:87,0
DA:88,0
DA:91,0
DA:92,0
DA:97,0
DA:102,0
DA:105,0
DA:106,0
DA:109,0
DA:111,0
DA:113,0
DA:114,0
DA:116,0
DA:117,0
DA:125,0
DA:126,0
DA:130,1
DA:133,1
DA:134,1
LF:56
LH:22
BRDA:60,1,0,0
BRDA:60,1,1,0
BRDA:60,2,0,0
BRDA:60,2,1,0
BRDA:62,3,0,0
BRDA:62,3,1,0
BRDA:64,4,0,0
BRDA:64,4,1,0
BRDA:76,5,0,0
BRDA:76,5,1,0
BRDA:80,6,0,0
BRDA:80,6,1,0
BRDA:105,7,0,0
BRDA:105,7,1,0
BRF:14
BRH:0
end_of_record
TN:
SF:/Users/jonathanc/LonelyPlanet/repos/rizzo-next/src/core/utils/getScrollbarWidth.js
FN:8,(anonymous_1)
FN:15,getWidth
FN:16,(anonymous_3)
FN:17,(anonymous_4)
FN:21,(anonymous_5)
FN:29,(anonymous_6)
FN:35,(anonymous_7)
FN:36,(anonymous_8)
FN:40,(anonymous_9)
FN:44,(anonymous_10)
FNF:10
FNH:1
FNDA:1,(anonymous_1)
FNDA:0,getWidth
FNDA:0,(anonymous_3)
FNDA:0,(anonymous_4)
FNDA:0,(anonymous_5)
FNDA:0,(anonymous_6)
FNDA:0,(anonymous_7)
FNDA:0,(anonymous_8)
FNDA:0,(anonymous_9)
FNDA:0,(anonymous_10)
DA:3,1
DA:5,1
DA:8,1
DA:9,1
DA:10,1
DA:12,1
DA:13,1
DA:15,1
DA:16,0
DA:17,0
DA:18,0
DA:21,0
DA:22,0
DA:24,0
DA:26,0
DA:29,0
DA:30,0
DA:35,1
DA:36,0
DA:37,0
DA:39,0
DA:40,0
DA:41,0
DA:44,0
DA:45,0
DA:52,1
DA:53,1
LF:27
LH:11
BRDA:39,1,0,0
BRDA:39,1,1,0
BRF:2
BRH:0
end_of_record
TN:
SF:/Users/jonathanc/LonelyPlanet/repos/rizzo-next/src/components/masthead/masthead_nav.js
FNF:0
FNH:0
DA:3,1
LF:1
LH:1
BRF:0
BRH:0
end_of_record
TN:
SF:/Users/jonathanc/LonelyPlanet/repos/rizzo-next/src/components/navigation/navigation_component.js
FN:56,(anonymous_1)
FN:59,NavigationComponent
FN:67,initialize
FN:103,_handleClick
FN:109,_handleMobileSubNav
FN:122,_handleSubNav
FN:131,_openSubNav
FN:137,(anonymous_8)
FN:143,_closeSubNav
FN:146,(anonymous_10)
FN:152,handleHover
FN:155,(anonymous_12)
FN:158,(anonymous_13)
FN:164,toggleNav
FN:173,show
FN:186,(anonymous_16)
FN:194,hide
FN:205,(anonymous_18)
FN:211,_clickNav
FN:217,userStatusUpdate
FN:229,(anonymous_21)
FN:234,(anonymous_22)
FN:246,userNotificationUpdate
FNF:23
FNH:1
FNDA:1,(anonymous_1)
FNDA:0,NavigationComponent
FNDA:0,initialize
FNDA:0,_handleClick
FNDA:0,_handleMobileSubNav
FNDA:0,_handleSubNav
FNDA:0,_openSubNav
FNDA:0,(anonymous_8)
FNDA:0,_closeSubNav
FNDA:0,(anonymous_10)
FNDA:0,handleHover
FNDA:0,(anonymous_12)
FNDA:0,(anonymous_13)
FNDA:0,toggleNav
FNDA:0,show
FNDA:0,(anonymous_16)
FNDA:0,hide
FNDA:0,(anonymous_18)
FNDA:0,_clickNav
FNDA:0,userStatusUpdate
FNDA:0,(anonymous_21)
FNDA:0,(anonymous_22)
FNDA:0,userNotificationUpdate
DA:3,1
DA:5,1
DA:7,1
DA:9,1
DA:11,1
DA:13,1
DA:15,1
DA:19,1
DA:21,1
DA:23,1
DA:25,1
DA:27,1
DA:29,1
DA:31,1
DA:33,1
DA:35,1
DA:37,1
DA:39,1
DA:41,1
DA:43,1
DA:45,1
DA:47,1
DA:49,1
DA:51,1
DA:53,1
DA:56,1
DA:57,1
DA:59,1
DA:60,0
DA:62,0
DA:65,1
DA:69,0
DA:70,0
DA:72,0
DA:78,0
DA:79,0
DA:80,0
DA:81,0
DA:83,0
DA:86,0
DA:89,0
DA:90,0
DA:92,0
DA:104,0
DA:105,0
DA:110,0
DA:112,0
DA:113,0
DA:114,0
DA:117,0
DA:118,0
DA:123,0
DA:124,0
DA:126,0
DA:132,0
DA:135,0
DA:137,0
DA:138,0
DA:144,0
DA:146,0
DA:147,0
DA:153,0
DA:155,0
DA:156,0
DA:158,0
DA:159,0
DA:165,0
DA:166,0
DA:168,0
DA:174,0
DA:176,0
DA:177,0
DA:180,0
DA:181,0
DA:184,0
DA:186,0
DA:187,0
DA:190,0
DA:195,0
DA:197,0
DA:198,0
DA:201,0
DA:203,0
DA:205,0
DA:206,0
DA:212,0
DA:218,0
DA:220,0
DA:221,0
DA:227,0
DA:230,0
DA:231,0
DA:234,0
DA:235,0
DA:236,0
DA:239,0
DA:247,0
DA:251,1
DA:254,1
DA:255,1
LF:100
LH:32
BRDA:105,1,0,0
BRDA:105,1,1,0
BRDA:112,2,0,0
BRDA:112,2,1,0
BRDA:112,3,0,0
BRDA:112,3,1,0
BRDA:123,4,0,0
BRDA:123,4,1,0
BRDA:165,5,0,0
BRDA:165,5,1,0
BRDA:176,6,0,0
BRDA:176,6,1,0
BRDA:180,7,0,0
BRDA:180,7,1,0
BRDA:197,8,0,0
BRDA:197,8,1,0
BRDA:220,9,0,0
BRDA:220,9,1,0
BRF:18
BRH:0
end_of_record
TN:
SF:/Users/jonathanc/LonelyPlanet/repos/rizzo-next/src/components/notification/notification.js
FN:19,(anonymous_1)
FN:22,Notification
FN:30,initialize
FN:39,render
FNF:4
FNH:1
FNDA:1,(anonymous_1)
FNDA:0,Notification
FNDA:0,initialize
FNDA:0,render
DA:3,1
DA:5,1
DA:7,1
DA:9,1
DA:11,1
DA:15,1
DA:17,1
DA:19,1
DA:20,1
DA:22,1
DA:23,0
DA:25,0
DA:28,1
DA:31,0
DA:32,0
DA:33,0
DA:34,0
DA:35,0
DA:40,0
DA:44,0
DA:45,0
DA:49,1
DA:52,1
DA:53,1
LF:24
LH:14
BRF:0
BRH:0
end_of_record
TN:
SF:/Users/jonathanc/LonelyPlanet/repos/rizzo-next/src/components/navigation/navigation_actions.js
FN:14,clickNav
FNF:1
FNH:0
FNDA:0,clickNav
DA:3,1
DA:5,1
DA:9,1
DA:11,1
DA:13,1
DA:15,0
DA:19,1
DA:20,1
LF:8
LH:7
BRF:0
BRH:0
end_of_record
TN:
SF:/Users/jonathanc/LonelyPlanet/repos/rizzo-next/src/components/navigation/navigation_state.js
FN:44,getState
FN:51,(anonymous_2)
FNF:2
FNH:0
FNDA:0,getState
FNDA:0,(anonymous_2)
DA:3,1
DA:5,1
DA:9,1
DA:11,1
DA:13,1
DA:15,1
DA:17,1
DA:19,1
DA:21,1
DA:23,1
DA:27,1
DA:43,1
DA:45,0
DA:49,1
DA:51,1
DA:52,0
DA:53,0
DA:56,1
DA:57,1
LF:19
LH:16
BRF:0
BRH:0
end_of_record
TN:
SF:/Users/jonathanc/LonelyPlanet/repos/rizzo-next/src/core/shop_cookie_util.js
FN:21,(anonymous_1)
FN:24,ShopCookieUtil
FN:32,getShopItemCount
FNF:3
FNH:3
FNDA:1,(anonymous_1)
FNDA:1,ShopCookieUtil
FNDA:1,getShopItemCount
DA:3,1
DA:5,1
DA:7,1
DA:9,1
DA:11,1
DA:13,1
DA:17,1
DA:19,1
DA:21,1
DA:22,1
DA:24,1
DA:25,1
DA:27,1
DA:30,1
DA:33,1
DA:34,1
DA:38,1
DA:41,1
DA:42,1
LF:19
LH:19
BRDA:34,1,0,0
BRDA:34,1,1,1
BRDA:34,2,0,1
BRDA:34,2,1,0
BRF:4
BRH:2
end_of_record
TN:
SF:/Users/jonathanc/LonelyPlanet/repos/rizzo-next/src/core/cookie_util.js
FN:16,(anonymous_1)
FN:17,CookieUtil
FN:37,getCookie
FN:56,setCookie
FNF:4
FNH:4
FNDA:1,(anonymous_1)
FNDA:2,CookieUtil
FNDA:1,getCookie
FNDA:2,setCookie
DA:8,1
DA:10,1
DA:12,1
DA:16,1
DA:17,1
DA:18,2
DA:20,2
DA:21,2
DA:23,2
DA:25,2
DA:35,1
DA:38,1
DA:39,1
DA:41,1
DA:43,1
DA:57,2
DA:59,2
DA:60,1
DA:61,1
DA:62,1
DA:65,2
DA:66,2
DA:68,2
DA:71,2
DA:75,1
DA:78,1
DA:79,1
LF:27
LH:27
BRDA:18,1,0,1
BRDA:18,1,1,1
BRDA:18,2,0,2
BRDA:18,2,1,1
BRDA:21,3,0,1
BRDA:21,3,1,1
BRDA:38,4,0,0
BRDA:38,4,1,1
BRDA:38,5,0,1
BRDA:38,5,1,1
BRDA:39,6,0,0
BRDA:39,6,1,1
BRDA:39,7,0,1
BRDA:39,7,1,1
BRDA:41,8,0,1
BRDA:41,8,1,1
BRDA:43,9,0,1
BRDA:43,9,1,0
BRDA:59,10,0,1
BRDA:59,10,1,1
BRDA:59,11,0,2
BRDA:59,11,1,1
BRDA:65,12,0,0
BRDA:65,12,1,2
BRDA:66,13,0,2
BRDA:66,13,1,2
BRDA:71,14,0,2
BRDA:71,14,1,0
BRF:28
BRH:23
end_of_record
TN:
SF:/Users/jonathanc/LonelyPlanet/repos/rizzo-next/src/core/decorators/subscribe.js
FN:20,addSubscribeMethod
FN:26,(anonymous_2)
FN:31,(anonymous_3)
FN:32,(anonymous_4)
FN:34,(anonymous_5)
FN:101,subscribe
FN:102,(anonymous_7)
FNF:7
FNH:7
FNDA:4,addSubscribeMethod
FNDA:3,(anonymous_2)
FNDA:6,(anonymous_3)
FNDA:6,(anonymous_4)
FNDA:4,(anonymous_5)
FNDA:8,subscribe
FNDA:8,(anonymous_7)
DA:3,1
DA:5,1
DA:8,1
DA:10,1
DA:12,1
DA:14,1
DA:16,1
DA:18,1
DA:20,1
DA:21,4
DA:22,4
DA:23,0
DA:26,4
DA:27,3
DA:29,3
DA:31,3
DA:32,6
DA:33,6
DA:34,6
DA:36,4
DA:41,3
DA:44,4
DA:101,1
DA:102,8
DA:103,8
DA:104,8
DA:105,8
DA:107,8
DA:109,8
DA:110,4
DA:115,1
LF:31
LH:30
BRDA:22,1,0,0
BRDA:22,1,1,4
BRDA:104,2,0,8
BRDA:104,2,1,4
BRDA:105,3,0,8
BRDA:105,3,1,8
BRDA:107,4,0,8
BRDA:107,4,1,7
BRDA:107,4,2,2
BRDA:109,5,0,4
BRDA:109,5,1,4
BRF:11
BRH:10
end_of_record
TN:
SF:/Users/jonathanc/LonelyPlanet/repos/rizzo-next/src/components/search/search_component.js
FN:51,(anonymous_1)
FN:54,SearchComponent
FN:62,initialize
FN:68,clickJsClose
FN:87,build
FN:97,show
FN:110,(anonymous_7)
FN:114,(anonymous_8)
FN:120,hide
FN:133,(anonymous_10)
FN:140,searchComplete
FN:150,(anonymous_12)
FN:160,onKeyup
FN:198,(anonymous_14)
FN:209,goUp
FN:219,(anonymous_16)
FN:227,goDown
FN:236,(anonymous_18)
FN:244,addOne
FN:256,get
FN:263,set
FN:268,get
FN:275,set
FN:286,get
FNF:24
FNH:1
FNDA:1,(anonymous_1)
FNDA:0,SearchComponent
FNDA:0,initialize
FNDA:0,clickJsClose
FNDA:0,build
FNDA:0,show
FNDA:0,(anonymous_7)
FNDA:0,(anonymous_8)
FNDA:0,hide
FNDA:0,(anonymous_10)
FNDA:0,searchComplete
FNDA:0,(anonymous_12)
FNDA:0,onKeyup
FNDA:0,(anonymous_14)
FNDA:0,goUp
FNDA:0,(anonymous_16)
FNDA:0,goDown
FNDA:0,(anonymous_18)
FNDA:0,addOne
FNDA:0,get
FNDA:0,set
FNDA:0,get
FNDA:0,set
FNDA:0,get
DA:3,1
DA:5,1
DA:7,1
DA:9,1
DA:11,1
DA:13,1
DA:15,1
DA:19,1
DA:21,1
DA:23,1
DA:25,1
DA:27,1
DA:29,1
DA:31,1
DA:33,1
DA:35,1
DA:37,1
DA:39,1
DA:41,1
DA:43,1
DA:45,1
DA:47,1
DA:49,1
DA:51,1
DA:52,1
DA:54,1
DA:55,0
DA:57,0
DA:60,1
DA:63,0
DA:65,0
DA:67,0
DA:69,0
DA:71,0
DA:78,0
DA:79,0
DA:81,0
DA:83,0
DA:88,0
DA:90,0
DA:91,0
DA:92,0
DA:93,0
DA:98,0
DA:100,0
DA:101,0
DA:104,0
DA:106,0
DA:108,0
DA:110,0
DA:111,0
DA:114,0
DA:115,0
DA:121,0
DA:123,0
DA:124,0
DA:127,0
DA:129,0
DA:131,0
DA:133,0
DA:134,0
DA:141,0
DA:143,0
DA:145,0
DA:146,0
DA:148,0
DA:150,0
DA:151,0
DA:154,0
DA:156,0
DA:161,0
DA:163,0
DA:164,0
DA:167,0
DA:170,0
DA:171,0
DA:172,0
DA:175,0
DA:176,0
DA:180,0
DA:181,0
DA:185,0
DA:186,0
DA:187,0
DA:191,0
DA:192,0
DA:193,0
DA:196,0
DA:198,0
DA:199,0
DA:204,0
DA:210,0
DA:212,0
DA:213,0
DA:214,0
DA:217,0
DA:219,0
DA:220,0
DA:223,0
DA:228,0
DA:230,0
DA:231,0
DA:234,0
DA:236,0
DA:237,0
DA:240,0
DA:245,0
DA:250,0
DA:252,0
DA:257,0
DA:258,0
DA:261,0
DA:264,0
DA:269,0
DA:270,0
DA:273,0
DA:276,0
DA:278,0
DA:279,0
DA:281,0
DA:287,0
DA:291,1
DA:294,1
DA:295,1
LF:124
LH:30
BRDA:100,1,0,0
BRDA:100,1,1,0
BRDA:123,2,0,0
BRDA:123,2,1,0
BRDA:163,3,0,0
BRDA:163,3,1,0
BRDA:167,4,0,0
BRDA:167,4,1,0
BRDA:167,4,2,0
BRDA:167,4,3,0
BRDA:167,4,4,0
BRDA:170,5,0,0
BRDA:170,5,1,0
BRDA:212,6,0,0
BRDA:212,6,1,0
BRDA:230,7,0,0
BRDA:230,7,1,0
BRDA:257,8,0,0
BRDA:257,8,1,0
BRDA:264,9,0,0
BRDA:264,9,1,0
BRDA:269,10,0,0
BRDA:269,10,1,0
BRDA:278,11,0,0
BRDA:278,11,1,0
BRF:25
BRH:0
end_of_record
TN:
SF:/Users/jonathanc/LonelyPlanet/repos/rizzo-next/src/components/search/search_actions.js
FN:18,openSearch
FN:21,endSearch
FN:24,typing
FNF:3
FNH:0
FNDA:0,openSearch
FNDA:0,endSearch
FNDA:0,typing
DA:3,1
DA:5,1
DA:9,1
DA:11,1
DA:13,1
DA:15,1
DA:17,1
DA:19,0
DA:22,0
DA:25,0
DA:27,0
DA:31,1
DA:32,1
LF:13
LH:9
BRF:0
BRH:0
end_of_record
TN:
SF:/Users/jonathanc/LonelyPlanet/repos/rizzo-next/src/components/search/search_api.js
FN:18,search
FN:21,(anonymous_2)
FNF:2
FNH:0
FNDA:0,search
FNDA:0,(anonymous_2)
DA:3,1
DA:5,1
DA:9,1
DA:11,1
DA:13,1
DA:15,1
DA:17,1
DA:19,0
DA:22,0
DA:27,1
DA:28,1
LF:11
LH:9
BRF:0
BRH:0
end_of_record
TN:
SF:/Users/jonathanc/LonelyPlanet/repos/rizzo-next/src/components/search/search_server_actions.js
FN:14,fetched
FNF:1
FNH:0
FNDA:0,fetched
DA:3,1
DA:5,1
DA:9,1
DA:11,1
DA:13,1
DA:15,0
DA:21,1
DA:22,1
LF:8
LH:7
BRF:0
BRH:0
end_of_record
TN:
SF:/Users/jonathanc/LonelyPlanet/repos/rizzo-next/src/components/search/search_state.js
FN:42,(anonymous_1)
FN:48,(anonymous_2)
FN:54,(anonymous_3)
FN:61,(anonymous_4)
FN:68,(anonymous_5)
FNF:5
FNH:0
FNDA:0,(anonymous_1)
FNDA:0,(anonymous_2)
FNDA:0,(anonymous_3)
FNDA:0,(anonymous_4)
FNDA:0,(anonymous_5)
DA:3,1
DA:5,1
DA:9,1
DA:11,1
DA:13,1
DA:15,1
DA:17,1
DA:19,1
DA:21,1
DA:29,1
DA:34,1
DA:42,1
DA:43,0
DA:45,0
DA:48,1
DA:49,0
DA:51,0
DA:54,1
DA:55,0
DA:56,0
DA:58,0
DA:61,1
DA:62,0
DA:63,0
DA:65,0
DA:68,1
DA:69,0
DA:70,0
DA:72,0
DA:75,1
DA:76,1
LF:31
LH:18
BRF:0
BRH:0
end_of_record
TN:
SF:/Users/jonathanc/LonelyPlanet/repos/rizzo-next/src/components/search/search_item/index.js
FN:29,(anonymous_1)
FN:32,SearchItemComponent
FN:40,initialize
FN:49,render
FN:58,select
FN:63,unselect
FN:68,navigate
FNF:7
FNH:1
FNDA:1,(anonymous_1)
FNDA:0,SearchItemComponent
FNDA:0,initialize
FNDA:0,render
FNDA:0,select
FNDA:0,unselect
FNDA:0,navigate
DA:3,1
DA:5,1
DA:7,1
DA:9,1
DA:11,1
DA:13,1
DA:17,1
DA:19,1
DA:21,1
DA:23,1
DA:25,1
DA:27,1
DA:29,1
DA:30,1
DA:32,1
DA:33,0
DA:35,0
DA:38,1
DA:41,0
DA:42,0
DA:43,0
DA:50,0
DA:52,0
DA:54,0
DA:59,0
DA:64,0
DA:69,0
DA:73,1
DA:76,1
DA:77,1
LF:30
LH:19
BRF:0
BRH:0
end_of_record
TN:
SF:/Users/jonathanc/LonelyPlanet/repos/rizzo-next/src/core/utils/highlight.js
FN:6,highlight
FN:31,(anonymous_2)
FN:45,(anonymous_3)
FN:48,(anonymous_4)
FN:65,(anonymous_5)
FNF:5
FNH:0
FNDA:0,highlight
FNDA:0,(anonymous_2)
FNDA:0,(anonymous_3)
FNDA:0,(anonymous_4)
FNDA:0,(anonymous_5)
DA:3,1
DA:6,1
DA:7,0
DA:8,0
DA:10,0
DA:11,0
DA:12,0
DA:14,0
DA:15,0
DA:17,0
DA:18,0
DA:19,0
DA:21,0
DA:23,0
DA:24,0
DA:25,0
DA:28,0
DA:31,1
DA:32,0
DA:39,0
DA:41,0
DA:42,0
DA:45,0
DA:46,0
DA:48,0
DA:49,0
DA:52,0
DA:53,0
DA:56,0
DA:59,0
DA:60,0
DA:63,0
DA:65,0
DA:66,0
DA:70,1
LF:35
LH:4
BRDA:7,1,0,0
BRDA:7,1,1,0
BRDA:10,2,0,0
BRDA:10,2,1,0
BRDA:11,3,0,0
BRDA:11,3,1,0
BRDA:12,4,0,0
BRDA:12,4,1,0
BRDA:23,5,0,0
BRDA:23,5,1,0
BRDA:23,6,0,0
BRDA:23,6,1,0
BRDA:23,6,2,0
BRDA:23,6,3,0
BRDA:23,7,0,0
BRDA:23,7,1,0
BRDA:41,8,0,0
BRDA:41,8,1,0
BRDA:52,9,0,0
BRDA:52,9,1,0
BRDA:56,10,0,0
BRDA:56,10,1,0
BRDA:59,11,0,0
BRDA:59,11,1,0
BRF:24
BRH:0
end_of_record
TN:
SF:/Users/jonathanc/LonelyPlanet/repos/rizzo-next/src/components/things_to_do/things_to_do.js
FN:49,(anonymous_1)
FN:52,ThingsToDo
FN:60,initialize
FN:76,(anonymous_4)
FN:83,getCurrentIndex
FN:93,fetchCards
FN:101,nukeIt
FN:108,cardsFetched
FN:132,addNavigationButtons
FN:150,nextCards
FN:159,(anonymous_11)
FN:169,render
FN:176,loadImages
FN:181,(anonymous_14)
FN:186,(anonymous_15)
FN:188,(anonymous_16)
FN:199,makeNextList
FN:212,animate
FN:232,(anonymous_19)
FN:242,(anonymous_20)
FN:256,loadMore
FN:275,loadPrevious
FN:293,showMore
FN:299,showPrevious
FN:305,showMoreAndPrevious
FN:311,hideShowMore
FN:317,hideShowPrevious
FN:329,lazyLoadImage
FN:339,(anonymous_29)
FN:341,(anonymous_30)
FN:346,(anonymous_31)
FN:364,clampImageCardTitle
FN:365,(anonymous_33)
FN:371,get
FNF:34
FNH:1
FNDA:1,(anonymous_1)
FNDA:0,ThingsToDo
FNDA:0,initialize
FNDA:0,(anonymous_4)
FNDA:0,getCurrentIndex
FNDA:0,fetchCards
FNDA:0,nukeIt
FNDA:0,cardsFetched
FNDA:0,addNavigationButtons
FNDA:0,nextCards
FNDA:0,(anonymous_11)
FNDA:0,render
FNDA:0,loadImages
FNDA:0,(anonymous_14)
FNDA:0,(anonymous_15)
FNDA:0,(anonymous_16)
FNDA:0,makeNextList
FNDA:0,animate
FNDA:0,(anonymous_19)
FNDA:0,(anonymous_20)
FNDA:0,loadMore
FNDA:0,loadPrevious
FNDA:0,showMore
FNDA:0,showPrevious
FNDA:0,showMoreAndPrevious
FNDA:0,hideShowMore
FNDA:0,hideShowPrevious
FNDA:0,lazyLoadImage
FNDA:0,(anonymous_29)
FNDA:0,(anonymous_30)
FNDA:0,(anonymous_31)
FNDA:0,clampImageCardTitle
FNDA:0,(anonymous_33)
FNDA:0,get
DA:3,1
DA:5,1
DA:7,1
DA:9,1
DA:11,1
DA:13,1
DA:15,1
DA:17,1
DA:21,1
DA:23,1
DA:25,1
DA:27,1
DA:29,1
DA:31,1
DA:33,1
DA:35,1
DA:37,1
DA:39,1
DA:41,1
DA:43,1
DA:49,1
DA:50,1
DA:52,1
DA:53,0
DA:55,0
DA:58,1
DA:61,0
DA:63,0
DA:65,0
DA:69,0
DA:76,0
DA:77,0
DA:78,0
DA:84,0
DA:85,0
DA:86,0
DA:89,0
DA:94,0
DA:102,0
DA:109,0
DA:110,0
DA:112,0
DA:113,0
DA:115,0
DA:116,0
DA:118,0
DA:119,0
DA:121,0
DA:122,0
DA:125,0
DA:126,0
DA:128,0
DA:133,0
DA:136,0
DA:137,0
DA:139,0
DA:140,0
DA:141,0
DA:151,0
DA:153,0
DA:154,0
DA:155,0
DA:156,0
DA:159,0
DA:160,0
DA:164,0
DA:170,0
DA:172,0
DA:177,0
DA:179,0
DA:181,0
DA:182,0
DA:186,0
DA:187,0
DA:189,0
DA:195,0
DA:200,0
DA:201,0
DA:202,0
DA:206,0
DA:213,0
DA:215,0
DA:217,0
DA:220,0
DA:222,0
DA:226,0
DA:228,0
DA:230,0
DA:232,0
DA:233,0
DA:236,0
DA:237,0
DA:238,0
DA:239,0
DA:242,0
DA:243,0
DA:244,0
DA:245,0
DA:257,0
DA:258,0
DA:259,0
DA:262,0
DA:263,0
DA:266,0
DA:268,0
DA:276,0
DA:277,0
DA:278,0
DA:281,0
DA:282,0
DA:285,0
DA:287,0
DA:294,0
DA:295,0
DA:300,0
DA:301,0
DA:306,0
DA:307,0
DA:312,0
DA:313,0
DA:318,0
DA:319,0
DA:330,0
DA:333,0
DA:335,0
DA:336,0
DA:339,0
DA:340,0
DA:341,0
DA:343,0
DA:344,0
DA:346,0
DA:347,0
DA:350,0
DA:351,0
DA:355,0
DA:365,0
DA:366,0
DA:372,0
DA:376,1
DA:379,1
DA:380,1
LF:142
LH:27
BRDA:63,1,0,0
BRDA:63,1,1,0
BRDA:84,2,0,0
BRDA:84,2,1,0
BRDA:85,3,0,0
BRDA:85,3,1,0
BRDA:85,4,0,0
BRDA:85,4,1,0
BRDA:109,5,0,0
BRDA:109,5,1,0
BRDA:115,6,0,0
BRDA:115,6,1,0
BRDA:118,7,0,0
BRDA:118,7,1,0
BRDA:121,8,0,0
BRDA:121,8,1,0
BRDA:153,9,0,0
BRDA:153,9,1,0
BRDA:155,10,0,0
BRDA:155,10,1,0
BRDA:156,11,0,0
BRDA:156,11,1,0
BRDA:201,12,0,0
BRDA:201,12,1,0
BRDA:215,13,0,0
BRDA:215,13,1,0
BRDA:215,14,0,0
BRDA:215,14,1,0
BRDA:224,15,0,0
BRDA:224,15,1,0
BRDA:230,16,0,0
BRDA:230,16,1,0
BRDA:236,17,0,0
BRDA:236,17,1,0
BRDA:236,18,0,0
BRDA:236,18,1,0
BRDA:238,19,0,0
BRDA:238,19,1,0
BRDA:238,20,0,0
BRDA:238,20,1,0
BRDA:258,21,0,0
BRDA:258,21,1,0
BRDA:258,22,0,0
BRDA:258,22,1,0
BRDA:277,23,0,0
BRDA:277,23,1,0
BRDA:277,24,0,0
BRDA:277,24,1,0
BRDA:333,25,0,0
BRDA:333,25,1,0
BRDA:335,26,0,0
BRDA:335,26,1,0
BRDA:350,27,0,0
BRDA:350,27,1,0
BRF:54
BRH:0
end_of_record
TN:
SF:/Users/jonathanc/LonelyPlanet/repos/rizzo-next/src/rizzo.js
FNF:0
FNH:0
DA:3,1
DA:5,1
DA:9,1
DA:11,1
DA:13,1
DA:15,1
DA:17,1
DA:19,1
DA:21,1
DA:23,1
DA:25,1
DA:27,1
DA:33,1
DA:34,1
LF:14
LH:14
BRF:0
BRH:0
end_of_record
TN:
SF:/Users/jonathanc/LonelyPlanet/repos/rizzo-next/src/core/logger.js
FN:22,(anonymous_1)
FN:23,Logger
FN:34,error
FNF:3
FNH:2
FNDA:1,(anonymous_1)
FNDA:1,Logger
FNDA:0,error
DA:3,1
DA:5,1
DA:7,1
DA:9,1
DA:13,1
DA:15,1
DA:17,1
DA:22,1
DA:23,1
DA:24,1
DA:27,1
DA:35,0
DA:37,0
DA:38,0
DA:43,1
DA:46,1
DA:47,1
LF:17
LH:14
BRDA:37,1,0,0
BRDA:37,1,1,0
BRF:2
BRH:0
end_of_record
TN:
SF:/Users/jonathanc/LonelyPlanet/repos/rizzo-next/src/core/perf_monitor.js
FN:33,(anonymous_1)
FN:36,get
FN:41,get
FN:46,PerfMonitor
FN:59,loadCritical
FN:69,loadBelow
FNF:6
FNH:2
FNDA:1,(anonymous_1)
FNDA:0,get
FNDA:0,get
FNDA:1,PerfMonitor
FNDA:0,loadCritical
FNDA:0,loadBelow
DA:3,1
DA:5,1
DA:7,1
DA:9,1
DA:11,1
DA:15,1
DA:17,1
DA:19,1
DA:21,1
DA:23,1
DA:25,1
DA:27,1
DA:33,1
DA:34,1
DA:37,0
DA:42,0
DA:46,1
DA:47,1
DA:49,1
DA:56,1
DA:60,0
DA:70,0
DA:72,0
DA:73,0
DA:77,1
DA:80,1
DA:81,1
LF:27
LH:21
BRF:0
BRH:0
end_of_record
TN:
SF:/Users/jonathanc/LonelyPlanet/repos/rizzo-next/src/core/decorators/channel.js
FN:33,channel
FN:34,(anonymous_2)
FNF:2
FNH:2
FNDA:3,channel
FNDA:3,(anonymous_2)
DA:28,1
DA:31,1
DA:33,1
DA:34,3
DA:35,3
DA:39,1
LF:6
LH:6
BRF:0
BRH:0
end_of_record
TN:
SF:/Users/jonathanc/LonelyPlanet/repos/rizzo-next/src/core/utils/perf.js
FN:6,mark
FN:12,measure
FNF:2
FNH:0
FNDA:0,mark
FNDA:0,measure
DA:3,1
DA:6,1
DA:7,0
DA:8,0
DA:12,1
DA:13,0
DA:14,0
DA:15,0
DA:16,0
DA:20,1
DA:21,1
LF:11
LH:5
BRDA:7,1,0,0
BRDA:7,1,1,0
BRDA:7,2,0,0
BRDA:7,2,1,0
BRDA:13,3,0,0
BRDA:13,3,1,0
BRDA:13,4,0,0
BRDA:13,4,1,0
BRF:8
BRH:0
end_of_record
TN:
SF:/Users/jonathanc/LonelyPlanet/repos/rizzo-next/src/components/video/video_player.js
FN:25,(anonymous_1)
FN:28,VideoPlayer
FN:36,initialize
FN:53,setup
FN:58,play
FN:64,pause
FN:69,(anonymous_7)
FN:75,loadPlayer
FN:80,_getScripts
FN:84,(anonymous_10)
FN:88,(anonymous_11)
FNF:11
FNH:1
FNDA:1,(anonymous_1)
FNDA:0,VideoPlayer
FNDA:0,initialize
FNDA:0,setup
FNDA:0,play
FNDA:0,pause
FNDA:0,(anonymous_7)
FNDA:0,loadPlayer
FNDA:0,_getScripts
FNDA:0,(anonymous_10)
FNDA:0,(anonymous_11)
DA:3,1
DA:5,1
DA:7,1
DA:9,1
DA:11,1
DA:13,1
DA:15,1
DA:19,1
DA:21,1
DA:23,1
DA:25,1
DA:26,1
DA:28,1
DA:29,0
DA:31,0
DA:34,1
DA:37,0
DA:39,0
DA:40,0
DA:41,0
DA:43,0
DA:47,0
DA:49,0
DA:59,0
DA:60,0
DA:65,0
DA:67,0
DA:69,0
DA:70,0
DA:76,0
DA:81,0
DA:84,0
DA:85,0
DA:88,0
DA:89,0
DA:94,1
DA:97,1
DA:98,1
LF:38
LH:17
BRF:0
BRH:0
end_of_record
